<?xml version="1.0" encoding="UTF-8"?>
<testng-results skipped="0" failed="0" total="1" passed="1">
  <reporter-output>
  </reporter-output>
  <suite name="Suite" duration-ms="57935" started-at="2016-07-28T10:55:06Z" finished-at="2016-07-28T10:56:04Z">
    <groups>
    </groups>
    <test name="Test" duration-ms="57935" started-at="2016-07-28T10:55:06Z" finished-at="2016-07-28T10:56:04Z">
      <class name="BaseClass.Setup">
        <test-method status="PASS" signature="LoginREgistration()[pri:0, instance:BaseClass.Setup@a67c67e]" name="LoginREgistration" is-config="true" duration-ms="26377" started-at="2016-07-28T16:25:06Z" finished-at="2016-07-28T16:25:32Z">
          <reporter-output>
          </reporter-output>
        </test-method> <!-- LoginREgistration -->
        <test-method status="PASS" signature="Signup()[pri:0, instance:BaseClass.Setup@a67c67e]" name="Signup" duration-ms="26193" started-at="2016-07-28T16:25:32Z" finished-at="2016-07-28T16:25:58Z">
          <reporter-output>
          </reporter-output>
        </test-method> <!-- Signup -->
        <test-method status="PASS" signature="Exit()[pri:0, instance:BaseClass.Setup@a67c67e]" name="Exit" is-config="true" duration-ms="5349" started-at="2016-07-28T16:25:58Z" finished-at="2016-07-28T16:26:04Z">
          <reporter-output>
          </reporter-output>
        </test-method> <!-- Exit -->
      </class> <!-- BaseClass.Setup -->
    </test> <!-- Test -->
  </suite> <!-- Suite -->
</testng-results>
